<?xml version="1.0" encoding="UTF-8"?>
<!-- Generated by org.testng.reporters.JUnitReportReporter -->
<testsuite hostname="DESKTOP-1MISJCC" failures="0" tests="4" name="api.test.UserTests" time="9.150" errors="0" timestamp="2024-01-15T20:17:26 IST" skipped="0">
  <testcase classname="api.test.UserTests" name="testpostUser" time="3.853"/>
  <system-out/>
  <testcase classname="api.test.UserTests" name="testgetUser" time="1.379"/>
  <system-out/>
  <testcase classname="api.test.UserTests" name="testupdateUser" time="2.637"/>
  <system-out/>
  <testcase classname="api.test.UserTests" name="testdeleteUser" time="1.281"/>
  <system-out/>
</testsuite> <!-- api.test.UserTests -->
