<?xml version="1.0" encoding="UTF-8"?>
<!-- Generated by org.testng.reporters.JUnitReportReporter -->
<testsuite hostname="DESKTOP-1MISJCC" failures="0" tests="4" name="api.test.UserTests2" time="9.680" errors="0" timestamp="2024-01-22T13:21:49 IST" skipped="0">
  <testcase classname="api.test.UserTests2" name="testpostUser" time="4.299"/>
  <system-out/>
  <testcase classname="api.test.UserTests2" name="testgetUser" time="1.377"/>
  <system-out/>
  <testcase classname="api.test.UserTests2" name="testupdateUser" time="2.721"/>
  <system-out/>
  <testcase classname="api.test.UserTests2" name="testdeleteUser" time="1.283"/>
  <system-out/>
</testsuite> <!-- api.test.UserTests2 -->
