<?xml version="1.0" encoding="UTF-8"?>
<!-- Generated by org.testng.reporters.JUnitReportReporter -->
<testsuite hostname="DESKTOP-1MISJCC" failures="0" tests="4" name="api.test.UserTests2" time="9.563" errors="0" timestamp="2024-01-23T10:08:38 IST" skipped="0">
  <testcase classname="api.test.UserTests2" name="testpostUser" time="4.128"/>
  <system-out/>
  <testcase classname="api.test.UserTests2" name="testgetUser" time="1.354"/>
  <system-out/>
  <testcase classname="api.test.UserTests2" name="testupdateUser" time="2.769"/>
  <system-out/>
  <testcase classname="api.test.UserTests2" name="testdeleteUser" time="1.312"/>
  <system-out/>
</testsuite> <!-- api.test.UserTests2 -->
