<?xml version="1.0" encoding="UTF-8"?>
<!-- Generated by org.testng.reporters.JUnitReportReporter -->
<testsuite hostname="DESKTOP-1MISJCC" failures="0" tests="4" name="api.test.UserTests2" time="12.203" errors="0" timestamp="2024-01-23T15:39:10 IST" skipped="0">
  <testcase classname="api.test.UserTests2" name="testpostUser" time="6.078"/>
  <system-out/>
  <testcase classname="api.test.UserTests2" name="testgetUser" time="1.601"/>
  <system-out/>
  <testcase classname="api.test.UserTests2" name="testupdateUser" time="2.973"/>
  <system-out/>
  <testcase classname="api.test.UserTests2" name="testdeleteUser" time="1.551"/>
  <system-out/>
</testsuite> <!-- api.test.UserTests2 -->
