<?xml version="1.0" encoding="UTF-8"?>
<!-- Generated by org.testng.reporters.JUnitReportReporter -->
<testsuite hostname="DESKTOP-1MISJCC" failures="0" tests="4" name="api.test.UserTests2" time="10.337" errors="0" timestamp="2024-01-22T17:20:34 IST" skipped="0">
  <testcase classname="api.test.UserTests2" name="testpostUser" time="5.293"/>
  <system-out/>
  <testcase classname="api.test.UserTests2" name="testgetUser" time="1.286"/>
  <system-out/>
  <testcase classname="api.test.UserTests2" name="testupdateUser" time="2.476"/>
  <system-out/>
  <testcase classname="api.test.UserTests2" name="testdeleteUser" time="1.282"/>
  <system-out/>
</testsuite> <!-- api.test.UserTests2 -->
