<?xml version="1.0" encoding="UTF-8"?>
<!-- Generated by org.testng.reporters.JUnitReportReporter -->
<testsuite hostname="DESKTOP-1MISJCC" failures="0" tests="4" name="api.test.UserTests" time="10.464" errors="0" timestamp="2024-01-23T15:16:42 IST" skipped="0">
  <testcase classname="api.test.UserTests" name="testpostUser" time="4.528"/>
  <system-out/>
  <testcase classname="api.test.UserTests" name="testgetUser" time="1.507"/>
  <system-out/>
  <testcase classname="api.test.UserTests" name="testupdateUser" time="2.945"/>
  <system-out/>
  <testcase classname="api.test.UserTests" name="testdeleteUser" time="1.484"/>
  <system-out/>
</testsuite> <!-- api.test.UserTests -->
