<?xml version="1.0" encoding="UTF-8"?>
<!-- Generated by org.testng.reporters.JUnitReportReporter -->
<testsuite hostname="DESKTOP-1MISJCC" failures="0" tests="4" name="api.test.UserTests2" time="9.148" errors="0" timestamp="2024-01-22T14:17:27 IST" skipped="0">
  <testcase classname="api.test.UserTests2" name="testpostUser" time="4.218"/>
  <system-out/>
  <testcase classname="api.test.UserTests2" name="testgetUser" time="1.254"/>
  <system-out/>
  <testcase classname="api.test.UserTests2" name="testupdateUser" time="2.448"/>
  <system-out/>
  <testcase classname="api.test.UserTests2" name="testdeleteUser" time="1.228"/>
  <system-out/>
</testsuite> <!-- api.test.UserTests2 -->
